Notes app listening on port 3000
Notes app listening on port 3000
[ { _id: 5c55841c1b6e7505514a92b7,
    name: 'a name inserted from a browser',
    id: '9c8dfe22-f661-473e-8e54-5c1338a3ccdc',
    __v: 0 },
  { _id: 5c5686bd6802700470ae5df2,
    name: 'test1',
    id: 'bea5fec2-a659-45a9-b95f-650054e6cb6d',
    __v: 0 },
  { _id: 5c5686bf6802700470ae5df3,
    name: 'test1',
    id: '53b5da0e-564b-4610-be28-4dc4b44c3b3f',
    __v: 0 },
  { _id: 5c568773191f9504a0dadc68,
    name: 'hello world',
    id: 'ca665dc4-1070-406a-801f-7b564361007b',
    __v: 0 },
  { _id: 5c568775191f9504a0dadc69,
    name: 'hello world',
    id: '61cbcf37-75ab-4242-9d28-020fc3ab7464',
    __v: 0 },
  { _id: 5c568779191f9504a0dadc6a,
    name: 'hello world',
    id: '1bf426e3-fa76-41d6-a72f-4e505f8011af',
    __v: 0 },
  { _id: 5c568792191f9504a0dadc6b,
    name: 'hello world',
    id: '014fb5e2-4cce-469a-9c4e-4c9220783f10',
    __v: 0 },
  { _id: 5c56879a191f9504a0dadc6c,
    name: 'ytgsfg',
    id: '54e749e5-17f9-4375-958f-6df9e5cc17e3',
    __v: 0 },
  { _id: 5c56879b191f9504a0dadc6d,
    name: 'ytgsfg',
    id: '8a569841-5b01-4ad9-bc2f-2446a58540ca',
    __v: 0 },
  { _id: 5c56879e191f9504a0dadc6e,
    name: 'fsdf',
    id: 'efd3f2f9-1188-4e7d-bac5-631c87eb7be2',
    __v: 0 },
  { _id: 5c5687a7191f9504a0dadc6f,
    name: 'fsdf',
    id: '24c630b9-6f72-4c67-a8ba-7e453c3545e9',
    __v: 0 },
  { _id: 5c5687b2191f9504a0dadc70,
    name: 'test2',
    id: 'd7e31dd8-cc37-4279-9e00-31901017d951',
    __v: 0 },
  { _id: 5c5687bd191f9504a0dadc71,
    name: 'abcde',
    id: '64d5ae55-6bdc-4781-826d-6532d275549f',
    __v: 0 },
  { _id: 5c568809f2d9de04ccd24c9a,
    name: 'yellow submarine',
    id: '8c74d4de-844f-47bb-8585-35a5cc00702f',
    __v: 0 },
  { _id: 5c568811f2d9de04ccd24c9b,
    name: 'another test',
    id: 'a46ebaf3-9d3a-4a8d-9837-b9a6e3a31b9b',
    __v: 0 },
  { _id: 5c568820f2d9de04ccd24c9c,
    name: '<h1> hi </h1>',
    id: 'e59e5081-c0f9-4c5a-a683-fe47849a70bd',
    __v: 0 } ]
start post
req body: 
{ name: 'a note' }
creating new note: 
{ name: 'a note', id: 'c87f69d7-8824-4d94-9ced-f6ddefe6fb0f' }
created record :
{ _id: 5c568cc2c14f6405572b14e8,
  name: 'a note',
  id: 'c87f69d7-8824-4d94-9ced-f6ddefe6fb0f',
  __v: 0 }
[ { _id: 5c55841c1b6e7505514a92b7,
    name: 'a name inserted from a browser',
    id: '9c8dfe22-f661-473e-8e54-5c1338a3ccdc',
    __v: 0 },
  { _id: 5c5686bd6802700470ae5df2,
    name: 'test1',
    id: 'bea5fec2-a659-45a9-b95f-650054e6cb6d',
    __v: 0 },
  { _id: 5c5686bf6802700470ae5df3,
    name: 'test1',
    id: '53b5da0e-564b-4610-be28-4dc4b44c3b3f',
    __v: 0 },
  { _id: 5c568773191f9504a0dadc68,
    name: 'hello world',
    id: 'ca665dc4-1070-406a-801f-7b564361007b',
    __v: 0 },
  { _id: 5c568775191f9504a0dadc69,
    name: 'hello world',
    id: '61cbcf37-75ab-4242-9d28-020fc3ab7464',
    __v: 0 },
  { _id: 5c568779191f9504a0dadc6a,
    name: 'hello world',
    id: '1bf426e3-fa76-41d6-a72f-4e505f8011af',
    __v: 0 },
  { _id: 5c568792191f9504a0dadc6b,
    name: 'hello world',
    id: '014fb5e2-4cce-469a-9c4e-4c9220783f10',
    __v: 0 },
  { _id: 5c56879a191f9504a0dadc6c,
    name: 'ytgsfg',
    id: '54e749e5-17f9-4375-958f-6df9e5cc17e3',
    __v: 0 },
  { _id: 5c56879b191f9504a0dadc6d,
    name: 'ytgsfg',
    id: '8a569841-5b01-4ad9-bc2f-2446a58540ca',
    __v: 0 },
  { _id: 5c56879e191f9504a0dadc6e,
    name: 'fsdf',
    id: 'efd3f2f9-1188-4e7d-bac5-631c87eb7be2',
    __v: 0 },
  { _id: 5c5687a7191f9504a0dadc6f,
    name: 'fsdf',
    id: '24c630b9-6f72-4c67-a8ba-7e453c3545e9',
    __v: 0 },
  { _id: 5c5687b2191f9504a0dadc70,
    name: 'test2',
    id: 'd7e31dd8-cc37-4279-9e00-31901017d951',
    __v: 0 },
  { _id: 5c5687bd191f9504a0dadc71,
    name: 'abcde',
    id: '64d5ae55-6bdc-4781-826d-6532d275549f',
    __v: 0 },
  { _id: 5c568809f2d9de04ccd24c9a,
    name: 'yellow submarine',
    id: '8c74d4de-844f-47bb-8585-35a5cc00702f',
    __v: 0 },
  { _id: 5c568811f2d9de04ccd24c9b,
    name: 'another test',
    id: 'a46ebaf3-9d3a-4a8d-9837-b9a6e3a31b9b',
    __v: 0 },
  { _id: 5c568820f2d9de04ccd24c9c,
    name: '<h1> hi </h1>',
    id: 'e59e5081-c0f9-4c5a-a683-fe47849a70bd',
    __v: 0 },
  { _id: 5c568cc2c14f6405572b14e8,
    name: 'a note',
    id: 'c87f69d7-8824-4d94-9ced-f6ddefe6fb0f',
    __v: 0 } ]
start post
req body: 
{ name: 'hi' }
creating new note: 
{ name: 'hi', id: '03262d6a-b713-4438-bafa-f0cb2266989c' }
created record :
{ _id: 5c568cc5c14f6405572b14e9,
  name: 'hi',
  id: '03262d6a-b713-4438-bafa-f0cb2266989c',
  __v: 0 }
[ { _id: 5c55841c1b6e7505514a92b7,
    name: 'a name inserted from a browser',
    id: '9c8dfe22-f661-473e-8e54-5c1338a3ccdc',
    __v: 0 },
  { _id: 5c5686bd6802700470ae5df2,
    name: 'test1',
    id: 'bea5fec2-a659-45a9-b95f-650054e6cb6d',
    __v: 0 },
  { _id: 5c5686bf6802700470ae5df3,
    name: 'test1',
    id: '53b5da0e-564b-4610-be28-4dc4b44c3b3f',
    __v: 0 },
  { _id: 5c568773191f9504a0dadc68,
    name: 'hello world',
    id: 'ca665dc4-1070-406a-801f-7b564361007b',
    __v: 0 },
  { _id: 5c568775191f9504a0dadc69,
    name: 'hello world',
    id: '61cbcf37-75ab-4242-9d28-020fc3ab7464',
    __v: 0 },
  { _id: 5c568779191f9504a0dadc6a,
    name: 'hello world',
    id: '1bf426e3-fa76-41d6-a72f-4e505f8011af',
    __v: 0 },
  { _id: 5c568792191f9504a0dadc6b,
    name: 'hello world',
    id: '014fb5e2-4cce-469a-9c4e-4c9220783f10',
    __v: 0 },
  { _id: 5c56879a191f9504a0dadc6c,
    name: 'ytgsfg',
    id: '54e749e5-17f9-4375-958f-6df9e5cc17e3',
    __v: 0 },
  { _id: 5c56879b191f9504a0dadc6d,
    name: 'ytgsfg',
    id: '8a569841-5b01-4ad9-bc2f-2446a58540ca',
    __v: 0 },
  { _id: 5c56879e191f9504a0dadc6e,
    name: 'fsdf',
    id: 'efd3f2f9-1188-4e7d-bac5-631c87eb7be2',
    __v: 0 },
  { _id: 5c5687a7191f9504a0dadc6f,
    name: 'fsdf',
    id: '24c630b9-6f72-4c67-a8ba-7e453c3545e9',
    __v: 0 },
  { _id: 5c5687b2191f9504a0dadc70,
    name: 'test2',
    id: 'd7e31dd8-cc37-4279-9e00-31901017d951',
    __v: 0 },
  { _id: 5c5687bd191f9504a0dadc71,
    name: 'abcde',
    id: '64d5ae55-6bdc-4781-826d-6532d275549f',
    __v: 0 },
  { _id: 5c568809f2d9de04ccd24c9a,
    name: 'yellow submarine',
    id: '8c74d4de-844f-47bb-8585-35a5cc00702f',
    __v: 0 },
  { _id: 5c568811f2d9de04ccd24c9b,
    name: 'another test',
    id: 'a46ebaf3-9d3a-4a8d-9837-b9a6e3a31b9b',
    __v: 0 },
  { _id: 5c568820f2d9de04ccd24c9c,
    name: '<h1> hi </h1>',
    id: 'e59e5081-c0f9-4c5a-a683-fe47849a70bd',
    __v: 0 },
  { _id: 5c568cc2c14f6405572b14e8,
    name: 'a note',
    id: 'c87f69d7-8824-4d94-9ced-f6ddefe6fb0f',
    __v: 0 },
  { _id: 5c568cc5c14f6405572b14e9,
    name: 'hi',
    id: '03262d6a-b713-4438-bafa-f0cb2266989c',
    __v: 0 } ]
start post
req body: 
{ name: '{title: \'a weird title\'}' }
creating new note: 
{ name: '{title: \'a weird title\'}',
  id: '5619e168-061d-42a9-a9bd-d6ba7124aa06' }
created record :
{ _id: 5c568cd2c14f6405572b14ea,
  name: '{title: \'a weird title\'}',
  id: '5619e168-061d-42a9-a9bd-d6ba7124aa06',
  __v: 0 }
[ { _id: 5c55841c1b6e7505514a92b7,
    name: 'a name inserted from a browser',
    id: '9c8dfe22-f661-473e-8e54-5c1338a3ccdc',
    __v: 0 },
  { _id: 5c5686bd6802700470ae5df2,
    name: 'test1',
    id: 'bea5fec2-a659-45a9-b95f-650054e6cb6d',
    __v: 0 },
  { _id: 5c5686bf6802700470ae5df3,
    name: 'test1',
    id: '53b5da0e-564b-4610-be28-4dc4b44c3b3f',
    __v: 0 },
  { _id: 5c568773191f9504a0dadc68,
    name: 'hello world',
    id: 'ca665dc4-1070-406a-801f-7b564361007b',
    __v: 0 },
  { _id: 5c568775191f9504a0dadc69,
    name: 'hello world',
    id: '61cbcf37-75ab-4242-9d28-020fc3ab7464',
    __v: 0 },
  { _id: 5c568779191f9504a0dadc6a,
    name: 'hello world',
    id: '1bf426e3-fa76-41d6-a72f-4e505f8011af',
    __v: 0 },
  { _id: 5c568792191f9504a0dadc6b,
    name: 'hello world',
    id: '014fb5e2-4cce-469a-9c4e-4c9220783f10',
    __v: 0 },
  { _id: 5c56879a191f9504a0dadc6c,
    name: 'ytgsfg',
    id: '54e749e5-17f9-4375-958f-6df9e5cc17e3',
    __v: 0 },
  { _id: 5c56879b191f9504a0dadc6d,
    name: 'ytgsfg',
    id: '8a569841-5b01-4ad9-bc2f-2446a58540ca',
    __v: 0 },
  { _id: 5c56879e191f9504a0dadc6e,
    name: 'fsdf',
    id: 'efd3f2f9-1188-4e7d-bac5-631c87eb7be2',
    __v: 0 },
  { _id: 5c5687a7191f9504a0dadc6f,
    name: 'fsdf',
    id: '24c630b9-6f72-4c67-a8ba-7e453c3545e9',
    __v: 0 },
  { _id: 5c5687b2191f9504a0dadc70,
    name: 'test2',
    id: 'd7e31dd8-cc37-4279-9e00-31901017d951',
    __v: 0 },
  { _id: 5c5687bd191f9504a0dadc71,
    name: 'abcde',
    id: '64d5ae55-6bdc-4781-826d-6532d275549f',
    __v: 0 },
  { _id: 5c568809f2d9de04ccd24c9a,
    name: 'yellow submarine',
    id: '8c74d4de-844f-47bb-8585-35a5cc00702f',
    __v: 0 },
  { _id: 5c568811f2d9de04ccd24c9b,
    name: 'another test',
    id: 'a46ebaf3-9d3a-4a8d-9837-b9a6e3a31b9b',
    __v: 0 },
  { _id: 5c568820f2d9de04ccd24c9c,
    name: '<h1> hi </h1>',
    id: 'e59e5081-c0f9-4c5a-a683-fe47849a70bd',
    __v: 0 },
  { _id: 5c568cc2c14f6405572b14e8,
    name: 'a note',
    id: 'c87f69d7-8824-4d94-9ced-f6ddefe6fb0f',
    __v: 0 },
  { _id: 5c568cc5c14f6405572b14e9,
    name: 'hi',
    id: '03262d6a-b713-4438-bafa-f0cb2266989c',
    __v: 0 },
  { _id: 5c568cd2c14f6405572b14ea,
    name: '{title: \'a weird title\'}',
    id: '5619e168-061d-42a9-a9bd-d6ba7124aa06',
    __v: 0 } ]
Notes app listening on port 3000
start post
req body: 
{ name: 'a' }
creating new note: 
{ name: 'a', id: 'cf8fbc7e-d13b-458c-94ad-ab6ab4e38a52' }
created record :
{ _id: 5c58e87ee0e4c218697a7a00,
  name: 'a',
  id: 'cf8fbc7e-d13b-458c-94ad-ab6ab4e38a52',
  __v: 0 }
delete request of id: f8d27f98-b8d1-436b-a29a-1c52ff8a4e28
(node:6249) DeprecationWarning: collection.remove is deprecated. Use deleteOne, deleteMany, or bulkWrite instead.
[33m[nodemon] 1.18.9[39m
[33m[nodemon] to restart at any time, enter `rs`[39m
[33m[nodemon] watching: *.*[39m
[32m[nodemon] starting `node app.js`[39m
events.js:167
      throw er; // Unhandled 'error' event
      ^

Error: EBADF: bad file descriptor, read
Emitted 'error' event at:
    at lazyFs.read (internal/fs/streams.js:165:12)
    at FSReqWrap.wrapper [as oncomplete] (fs.js:463:17)
